Launching lib/main.dart on Chrome in debug mode...
Waiting for connection from debug service on Chrome...             12.4s

Flutter run key commands.
r Hot reload. 🔥🔥🔥
R Hot restart.
h List all available interactive commands.
d Detach (terminate "flutter run" but leave application running).
c Clear the screen
q Quit (terminate the application on the device).

Debug service listening on ws://127.0.0.1:64760/YZeXEuflib4=/ws
A Dart VM Service on Chrome is available at: http://127.0.0.1:64760/YZeXEuflib4=
The Flutter DevTools debugger and profiler on Chrome is available at: http://127.0.0.1:64760/YZeXEuflib4=/devtools/?uri=ws://127.0.0.1:64760/YZeXEuflib4=/ws
Starting application from main method in: org-dartlang-app:/web_entrypoint.dart.
supabase.supabase_flutter: INFO: ***** Supabase init completed ***** 
Seed complete. Event count: 29
ONYX Telegram admin loop start: router=on admin=on ai=on chat=-5247743742 bridge=configured
ONYX skipped stale external push delivery • key=tg-watch-auto-end-client-ms-vallee-site-ms-vallee-residence-1773806400000000 • title=Shift summary ready • occurredAt=2026-03-18T04:00:00.000Z
Could not find a set of Noto fonts to display all missing characters. Please add a font asset for the missing characters. See: https://docs.flutter.dev/cookbook/design/fonts
ONYX ops poll: Ops poll • ok 1/2 • fail 1 • cctv:ok(6/6 appended • hikvision_dvr_monitor_only • provider:hikvision_dvr_monitor_only | camera:channel-8 | channel:8 | label:human | s... • evidence ok 6) • news:fail(newsapi.org request failed with HTTP 401: Your API key is invalid or incorrect. Check your key, or go to https://newsapi.org to create a free API key.)
ONYX ops poll: Ops poll • ok 1/2 • fail 1 • cctv:ok(19/25 appended • hikvision_dvr_monitor_only • provider:hikvision_dvr_monitor_only | camera:channel-9 | channel:9 | label:human | s... • queue drop 13) • news:fail(newsapi.org request failed with HTTP 401: Your API key is invalid or incorrect. Check your key, or go to https://newsapi.org to create a free API key.)
ONYX ops poll: Ops poll • ok 1/2 • fail 1 • cctv:ok(32/50 appended • hikvision_dvr_monitor_only • provider:hikvision_dvr_monitor_only | camera:channel-4 | channel:4 | label:human | s... • queue drop 38) • news:fail(newsapi.org request failed with HTTP 401: Your API key is invalid or incorrect. Check your key, or go to https://newsapi.org to create a free API key.)
ONYX ops poll: Ops poll • ok 1/2 • fail 1 • cctv:ok(21/45 appended • hikvision_dvr_monitor_only • provider:hikvision_dvr_monitor_only | camera:channel-6 | channel:6 | label:human | s... • queue drop 33) • news:fail(newsapi.org request failed with HTTP 401: Your API key is invalid or incorrect. Check your key, or go to https://newsapi.org to create a free API key.)
ONYX ops poll: Ops poll • ok 1/2 • fail 1 • cctv:ok(18/35 appended • hikvision_dvr_monitor_only • provider:hikvision_dvr_monitor_only | camera:channel-14 | channel:14 | label:human |... • queue drop 23) • news:fail(newsapi.org request failed with HTTP 401: Your API key is invalid or incorrect. Check your key, or go to https://newsapi.org to create a free API key.)
ONYX ops poll: Ops poll • ok 1/2 • fail 1 • cctv:ok(28/42 appended • hikvision_dvr_monitor_only • provider:hikvision_dvr_monitor_only | camera:channel-6 | channel:6 | label:human | s... • queue drop 30) • news:fail(newsapi.org request failed with HTTP 401: Your API key is invalid or incorrect. Check your key, or go to https://newsapi.org to create a free API key.)
ONYX ops poll: Ops poll • ok 1/2 • fail 1 • cctv:ok(25/52 appended • hikvision_dvr_monitor_only • provider:hikvision_dvr_monitor_only | camera:channel-13 | channel:13 | label:human |... • queue drop 40) • news:fail(newsapi.org request failed with HTTP 401: Your API key is invalid or incorrect. Check your key, or go to https://newsapi.org to create a free API key.)
ONYX ops poll: Ops poll • ok 1/2 • fail 1 • cctv:ok(17/36 appended • hikvision_dvr_monitor_only • provider:hikvision_dvr_monitor_only | camera:channel-4 | channel:4 | label:human | s... • queue drop 24) • news:fail(newsapi.org request failed with HTTP 401: Your API key is invalid or incorrect. Check your key, or go to https://newsapi.org to create a free API key.)
ONYX ops poll: Ops poll • ok 1/2 • fail 1 • cctv:ok(12/26 appended • hikvision_dvr_monitor_only • provider:hikvision_dvr_monitor_only | camera:channel-13 | channel:13 | label:human |... • queue drop 14) • news:fail(newsapi.org request failed with HTTP 401: Your API key is invalid or incorrect. Check your key, or go to https://newsapi.org to create a free API key.)
ONYX ops poll: Ops poll • ok 1/2 • fail 1 • cctv:ok(8/17 appended • hikvision_dvr_monitor_only • provider:hikvision_dvr_monitor_only | camera:channel-13 | channel:13 | label:human |... • queue drop 5) • news:fail(newsapi.org request failed with HTTP 401: Your API key is invalid or incorrect. Check your key, or go to https://newsapi.org to create a free API key.)
ONYX ops poll: Ops poll • ok 1/2 • fail 1 • cctv:ok(13/20 appended • hikvision_dvr_monitor_only • provider:hikvision_dvr_monitor_only | camera:channel-6 | channel:6 | label:human | s... • queue drop 8) • news:fail(newsapi.org request failed with HTTP 401: Your API key is invalid or incorrect. Check your key, or go to https://newsapi.org to create a free API key.)
ONYX ops poll: Ops poll • ok 1/2 • fail 1 • cctv:ok(11/21 appended • hikvision_dvr_monitor_only • provider:hikvision_dvr_monitor_only | camera:channel-13 | channel:13 | label:human |... • queue drop 9) • news:fail(newsapi.org request failed with HTTP 401: Your API key is invalid or incorrect. Check your key, or go to https://newsapi.org to create a free API key.)
ONYX skipped stale external push delivery • key=tg-watch-auto-end-client-ms-vallee-site-ms-vallee-residence-1773806400000000 • title=Shift summary ready • occurredAt=2026-03-18T04:00:00.000Z
ONYX ops poll: Ops poll • ok 1/2 • fail 1 • cctv:ok(6/17 appended • hikvision_dvr_monitor_only • provider:hikvision_dvr_monitor_only | camera:channel-8 | channel:8 | label:human | s... • queue drop 5) • news:fail(newsapi.org request failed with HTTP 401: Your API key is invalid or incorrect. Check your key, or go to https://newsapi.org to create a free API key.)
ONYX ops poll: Ops poll • ok 1/2 • fail 1 • cctv:ok(12/14 appended • hikvision_dvr_monitor_only • provider:hikvision_dvr_monitor_only | camera:channel-12 | channel:12 | label:human |... • queue drop 2) • news:fail(newsapi.org request failed with HTTP 401: Your API key is invalid or incorrect. Check your key, or go to https://newsapi.org to create a free API key.)
ONYX ops poll: Ops poll • ok 1/2 • fail 1 • cctv:ok(9/17 appended • hikvision_dvr_monitor_only • provider:hikvision_dvr_monitor_only | camera:channel-14 | channel:14 | label:human |... • queue drop 5) • news:fail(newsapi.org request failed with HTTP 401: Your API key is invalid or incorrect. Check your key, or go to https://newsapi.org to create a free API key.)
ONYX ops poll: Ops poll • ok 1/2 • fail 1 • cctv:ok(13/22 appended • hikvision_dvr_monitor_only • provider:hikvision_dvr_monitor_only | camera:channel-16 | channel:16 | label:human |... • queue drop 10) • news:fail(newsapi.org request failed with HTTP 401: Your API key is invalid or incorrect. Check your key, or go to https://newsapi.org to create a free API key.)
ONYX ops poll: Ops poll • ok 1/2 • fail 1 • cctv:ok(12/23 appended • hikvision_dvr_monitor_only • provider:hikvision_dvr_monitor_only | camera:channel-13 | channel:13 | label:human |... • queue drop 11) • news:fail(newsapi.org request failed with HTTP 401: Your API key is invalid or incorrect. Check your key, or go to https://newsapi.org to create a free API key.)
ONYX ops poll: Ops poll • ok 1/2 • fail 1 • cctv:ok(4/13 appended • hikvision_dvr_monitor_only • provider:hikvision_dvr_monitor_only | camera:channel-13 | channel:13 | label:human |... • queue drop 1) • news:fail(newsapi.org request failed with HTTP 401: Your API key is invalid or incorrect. Check your key, or go to https://newsapi.org to create a free API key.)
ONYX ops poll: Ops poll • ok 1/2 • fail 1 • cctv:ok(8/11 appended • hikvision_dvr_monitor_only • provider:hikvision_dvr_monitor_only | camera:channel-12 | channel:12 | label:vehicle... • evidence ok 11) • news:fail(newsapi.org request failed with HTTP 401: Your API key is invalid or incorrect. Check your key, or go to https://newsapi.org to create a free API key.)
ONYX ops poll: Ops poll • ok 1/2 • fail 1 • cctv:ok(1/5 appended • hikvision_dvr_monitor_only • provider:hikvision_dvr_monitor_only | camera:channel-13 | channel:13 | label:human |... • evidence ok 5) • news:fail(newsapi.org request failed with HTTP 401: Your API key is invalid or incorrect. Check your key, or go to https://newsapi.org to create a free API key.)
ONYX ops poll: Ops poll • ok 1/2 • fail 1 • cctv:ok(2/3 appended • hikvision_dvr_monitor_only • provider:hikvision_dvr_monitor_only | camera:channel-13 | channel:13 | label:human |... • evidence ok 3) • news:fail(newsapi.org request failed with HTTP 401: Your API key is invalid or incorrect. Check your key, or go to https://newsapi.org to create a free API key.)
ONYX ops poll: Ops poll • ok 1/2 • fail 1 • cctv:ok(6/8 appended • hikvision_dvr_monitor_only • provider:hikvision_dvr_monitor_only | camera:channel-4 | channel:4 | label:human | s... • evidence ok 8) • news:fail(newsapi.org request failed with HTTP 401: Your API key is invalid or incorrect. Check your key, or go to https://newsapi.org to create a free API key.)
ONYX ops poll: Ops poll • ok 1/2 • fail 1 • cctv:ok(4/9 appended • hikvision_dvr_monitor_only • provider:hikvision_dvr_monitor_only | camera:channel-13 | channel:13 | label:human |... • evidence ok 9) • news:fail(newsapi.org request failed with HTTP 401: Your API key is invalid or incorrect. Check your key, or go to https://newsapi.org to create a free API key.)
ONYX ops poll: Ops poll • ok 1/2 • fail 1 • cctv:ok(11/13 appended • hikvision_dvr_monitor_only • provider:hikvision_dvr_monitor_only | camera:channel-13 | channel:13 | label:human |... • queue drop 1) • news:fail(newsapi.org request failed with HTTP 401: Your API key is invalid or incorrect. Check your key, or go to https://newsapi.org to create a free API key.)
ONYX ops poll: Ops poll • ok 1/2 • fail 1 • cctv:ok(1/10 appended • hikvision_dvr_monitor_only • provider:hikvision_dvr_monitor_only | camera:channel-13 | channel:13 | label:human |... • evidence ok 10) • news:fail(newsapi.org request failed with HTTP 401: Your API key is invalid or incorrect. Check your key, or go to https://newsapi.org to create a free API key.)
ONYX ops poll: Ops poll • ok 1/2 • fail 1 • cctv:ok(5/6 appended • hikvision_dvr_monitor_only • provider:hikvision_dvr_monitor_only | camera:channel-13 | channel:13 | label:human |... • evidence ok 6) • news:fail(newsapi.org request failed with HTTP 401: Your API key is invalid or incorrect. Check your key, or go to https://newsapi.org to create a free API key.)
ONYX skipped stale external push delivery • key=tg-watch-auto-end-client-ms-vallee-site-ms-vallee-residence-1773806400000000 • title=Shift summary ready • occurredAt=2026-03-18T04:00:00.000Z
ONYX ops poll: Ops poll • ok 1/2 • fail 1 • cctv:ok(0/5 appended • hikvision_dvr_monitor_only • provider:hikvision_dvr_monitor_only | camera:channel-13 | channel:13 | label:human |... • evidence ok 5) • news:fail(newsapi.org request failed with HTTP 401: Your API key is invalid or incorrect. Check your key, or go to https://newsapi.org to create a free API key.)
ONYX ops poll: Ops poll • ok 1/2 • fail 1 • cctv:ok(1/1 appended • hikvision_dvr_monitor_only • provider:hikvision_dvr_monitor_only | camera:channel-12 | channel:12 | label:human |... • evidence ok 1) • news:fail(newsapi.org request failed with HTTP 401: Your API key is invalid or incorrect. Check your key, or go to https://newsapi.org to create a free API key.)
ONYX ops poll: Ops poll • ok 1/2 • fail 1 • cctv:ok(1/2 appended • hikvision_dvr_monitor_only • provider:hikvision_dvr_monitor_only | camera:channel-6 | channel:6 | label:vehicle |... • evidence ok 2) • news:fail(newsapi.org request failed with HTTP 401: Your API key is invalid or incorrect. Check your key, or go to https://newsapi.org to create a free API key.)
ONYX ops poll: Ops poll • ok 1/2 • fail 1 • cctv:ok(4/5 appended • hikvision_dvr_monitor_only • provider:hikvision_dvr_monitor_only | camera:channel-13 | channel:13 | label:human |... • evidence ok 5) • news:fail(newsapi.org request failed with HTTP 401: Your API key is invalid or incorrect. Check your key, or go to https://newsapi.org to create a free API key.)
ONYX ops poll: Ops poll • ok 1/2 • fail 1 • cctv:ok(4/8 appended • hikvision_dvr_monitor_only • provider:hikvision_dvr_monitor_only | camera:channel-6 | channel:6 | label:human | s... • evidence ok 8) • news:fail(newsapi.org request failed with HTTP 401: Your API key is invalid or incorrect. Check your key, or go to https://newsapi.org to create a free API key.)
ONYX ops poll: Ops poll • ok 1/2 • fail 1 • cctv:ok(10/13 appended • hikvision_dvr_monitor_only • provider:hikvision_dvr_monitor_only | camera:channel-12 | channel:12 | label:human |... • queue drop 1) • news:fail(newsapi.org request failed with HTTP 401: Your API key is invalid or incorrect. Check your key, or go to https://newsapi.org to create a free API key.)
ONYX ops poll: Ops poll • ok 1/2 • fail 1 • cctv:ok(9/19 appended • hikvision_dvr_monitor_only • provider:hikvision_dvr_monitor_only | camera:channel-13 | channel:13 | label:human |... • queue drop 7) • news:fail(newsapi.org request failed with HTTP 401: Your API key is invalid or incorrect. Check your key, or go to https://newsapi.org to create a free API key.)
